<?xml version="1.0" encoding="UTF-8"?>
<!-- Generated by org.testng.reporters.JUnitReportReporter -->
<testsuite hostname="AGRN50939918A" name="com.tests.FirstTest" tests="1" failures="0" timestamp="5 Dec 2019 20:59:02 GMT" time="0.502" errors="0">
  <testcase name="f" time="0.502" classname="com.tests.FirstTest"/>
</testsuite> <!-- com.tests.FirstTest -->
